<?xml version="1.0" encoding="UTF-8"?>
<!-- Generated by org.testng.reporters.JUnitReportReporter -->
<testsuite hostname="HYDGSI3DQXHR2" failures="0" tests="2" name="Testngdemo.day3" time="0.009" errors="0" timestamp="30 Apr 2019 05:11:29 GMT" skipped="0">
  <testcase classname="Testngdemo.day3" name="day3" time="0.001"/>
  <testcase classname="Testngdemo.day3" name="carlaon1" time="0.008"/>
</testsuite> <!-- Testngdemo.day3 -->
