<?xml version="1.0" encoding="UTF-8"?>
<!-- Generated by org.testng.reporters.JUnitReportReporter -->
<testsuite hostname="HYDGSI3DQXHR2" failures="0" tests="2" name="Testngdemo.TestnGDemo" time="0.009" errors="0" timestamp="30 Apr 2019 05:11:29 GMT" skipped="0">
  <testcase classname="Testngdemo.TestnGDemo" name="test" time="0.008"/>
  <testcase classname="Testngdemo.TestnGDemo" name="testw" time="0.001"/>
</testsuite> <!-- Testngdemo.TestnGDemo -->
